objc[54527]: Class IlinkMarsReachability is implemented in both /Applications/WeChat.app/Contents/Frameworks/ilink_network.framework/Versions/A/ilink_network (0x1079e5218) and /Applications/WeChat.app/Contents/Frameworks/ilink2.framework/Versions/A/ilink2 (0x109601528). One of the two will be used. Which one is undefined.
objc[54541]: Class IlinkMarsReachability is implemented in both /Applications/WeChat.app/Contents/Frameworks/ilink_network.framework/Versions/A/ilink_network (0x10bcb5218) and /Applications/WeChat.app/Contents/Frameworks/ilink2.framework/Versions/A/ilink2 (0x10d8d1528). One of the two will be used. Which one is undefined.
objc[54527]: Class __CThreadWarp is implemented in both /Applications/WeChat.app/Contents/Frameworks/ilink_network.framework/Versions/A/ilink_network (0x1079e5268) and /Applications/WeChat.app/Contents/Frameworks/ilink2.framework/Versions/A/ilink2 (0x109601578). One of the two will be used. Which one is undefined.
objc[54541]: Class __CThreadWarp is implemented in both /Applications/WeChat.app/Contents/Frameworks/ilink_network.framework/Versions/A/ilink_network (0x10bcb5268) and /Applications/WeChat.app/Contents/Frameworks/ilink2.framework/Versions/A/ilink2 (0x10d8d1578). One of the two will be used. Which one is undefined.
objc[54527]: Class __ThreadWarp is implemented in both /Applications/WeChat.app/Contents/Frameworks/ilink_network.framework/Versions/A/ilink_network (0x1079e52b8) and /Applications/WeChat.app/Contents/Frameworks/ilink2.framework/Versions/A/ilink2 (0x1096015c8). One of the two will be used. Which one is undefined.
objc[54541]: Class __ThreadWarp is implemented in both /Applications/WeChat.app/Contents/Frameworks/ilink_network.framework/Versions/A/ilink_network (0x10bcb52b8) and /Applications/WeChat.app/Contents/Frameworks/ilink2.framework/Versions/A/ilink2 (0x10d8d15c8). One of the two will be used. Which one is undefined.
objc[54527]: Class ThreadQueue is implemented in both /Applications/WeChat.app/Contents/Frameworks/ilink_network.framework/Versions/A/ilink_network (0x1079e5330) and /Applications/WeChat.app/Contents/Frameworks/ilink2.framework/Versions/A/ilink2 (0x109601640). One of the two will be used. Which one is undefined.
objc[54541]: Class ThreadQueue is implemented in both /Applications/WeChat.app/Contents/Frameworks/ilink_network.framework/Versions/A/ilink_network (0x10bcb5330) and /Applications/WeChat.app/Contents/Frameworks/ilink2.framework/Versions/A/ilink2 (0x10d8d1640). One of the two will be used. Which one is undefined.
objc[54541]: Class MarsReachability is implemented in both /Applications/WeChat.app/Contents/Frameworks/matrixreport.framework/Versions/A/matrixreport (0x10eb009a0) and /Applications/WeChat.app/Contents/MacOS/WeChat (0x109964248). One of the two will be used. Which one is undefined.
objc[54527]: Class MarsReachability is implemented in both /Applications/WeChat.app/Contents/Frameworks/matrixreport.framework/Versions/A/matrixreport (0x10a8309a0) and /Applications/WeChat.app/Contents/MacOS/WeChat (0x105694248). One of the two will be used. Which one is undefined.
objc[54541]: Class __CThreadWarp is implemented in both /Applications/WeChat.app/Contents/Frameworks/ilink_network.framework/Versions/A/ilink_network (0x10bcb5268) and /Applications/WeChat.app/Contents/MacOS/WeChat (0x109964298). One of the two will be used. Which one is undefined.
objc[54527]: Class __CThreadWarp is implemented in both /Applications/WeChat.app/Contents/Frameworks/ilink_network.framework/Versions/A/ilink_network (0x1079e5268) and /Applications/WeChat.app/Contents/MacOS/WeChat (0x105694298). One of the two will be used. Which one is undefined.
objc[54541]: Class __ThreadWarp is implemented in both /Applications/WeChat.app/Contents/Frameworks/ilink_network.framework/Versions/A/ilink_network (0x10bcb52b8) and /Applications/WeChat.app/Contents/MacOS/WeChat (0x1099642e8). One of the two will be used. Which one is undefined.
objc[54527]: Class __ThreadWarp is implemented in both /Applications/WeChat.app/Contents/Frameworks/ilink_network.framework/Versions/A/ilink_network (0x1079e52b8) and /Applications/WeChat.app/Contents/MacOS/WeChat (0x1056942e8). One of the two will be used. Which one is undefined.
objc[54541]: Class ThreadQueue is implemented in both /Applications/WeChat.app/Contents/Frameworks/ilink_network.framework/Versions/A/ilink_network (0x10bcb5330) and /Applications/WeChat.app/Contents/MacOS/WeChat (0x109964360). One of the two will be used. Which one is undefined.
objc[54527]: Class ThreadQueue is implemented in both /Applications/WeChat.app/Contents/Frameworks/ilink_network.framework/Versions/A/ilink_network (0x1079e5330) and /Applications/WeChat.app/Contents/MacOS/WeChat (0x105694360). One of the two will be used. Which one is undefined.
objc[54541]: Class TimerRuner is implemented in both /Applications/WeChat.app/Contents/Frameworks/ilink_network.framework/Versions/A/ilink_network (0x10bcb5380) and /Applications/WeChat.app/Contents/MacOS/WeChat (0x1099643b0). One of the two will be used. Which one is undefined.
objc[54527]: Class TimerRuner is implemented in both /Applications/WeChat.app/Contents/Frameworks/ilink_network.framework/Versions/A/ilink_network (0x1079e5380) and /Applications/WeChat.app/Contents/MacOS/WeChat (0x1056943b0). One of the two will be used. Which one is undefined.
2024-08-08 09:24:50.009 WeChat[54527:5265498] WARNING: Secure coding is not enabled for restorable state! Enable secure coding by implementing NSApplicationDelegate.applicationSupportsSecureRestorableState: and returning YES.
2024-08-08 09:24:50.009 WeChat[54541:5265499] WARNING: Secure coding is not enabled for restorable state! Enable secure coding by implementing NSApplicationDelegate.applicationSupportsSecureRestorableState: and returning YES.
objc[54544]: Class IlinkMarsReachability is implemented in both /Applications/WeChat.app/Contents/Frameworks/ilink2.framework/Versions/A/ilink2 (0x103719528) and /Applications/WeChat.app/Contents/Frameworks/ilink_network.framework/Versions/A/ilink_network (0x103f55218). One of the two will be used. Which one is undefined.
objc[54545]: Class IlinkMarsReachability is implemented in both /Applications/WeChat.app/Contents/Frameworks/ilink2.framework/Versions/A/ilink2 (0x103641528) and /Applications/WeChat.app/Contents/Frameworks/ilink_network.framework/Versions/A/ilink_network (0x103e7d218). One of the two will be used. Which one is undefined.
objc[54544]: Class __CThreadWarp is implemented in both /Applications/WeChat.app/Contents/Frameworks/ilink2.framework/Versions/A/ilink2 (0x103719578) and /Applications/WeChat.app/Contents/Frameworks/ilink_network.framework/Versions/A/ilink_network (0x103f55268). One of the two will be used. Which one is undefined.
objc[54545]: Class __CThreadWarp is implemented in both /Applications/WeChat.app/Contents/Frameworks/ilink2.framework/Versions/A/ilink2 (0x103641578) and /Applications/WeChat.app/Contents/Frameworks/ilink_network.framework/Versions/A/ilink_network (0x103e7d268). One of the two will be used. Which one is undefined.
objc[54544]: Class __ThreadWarp is implemented in both /Applications/WeChat.app/Contents/Frameworks/ilink2.framework/Versions/A/ilink2 (0x1037195c8) and /Applications/WeChat.app/Contents/Frameworks/ilink_network.framework/Versions/A/ilink_network (0x103f552b8). One of the two will be used. Which one is undefined.
objc[54545]: Class __ThreadWarp is implemented in both /Applications/WeChat.app/Contents/Frameworks/ilink2.framework/Versions/A/ilink2 (0x1036415c8) and /Applications/WeChat.app/Contents/Frameworks/ilink_network.framework/Versions/A/ilink_network (0x103e7d2b8). One of the two will be used. Which one is undefined.
objc[54544]: Class ThreadQueue is implemented in both /Applications/WeChat.app/Contents/Frameworks/ilink2.framework/Versions/A/ilink2 (0x103719640) and /Applications/WeChat.app/Contents/Frameworks/ilink_network.framework/Versions/A/ilink_network (0x103f55330). One of the two will be used. Which one is undefined.
objc[54545]: Class ThreadQueue is implemented in both /Applications/WeChat.app/Contents/Frameworks/ilink2.framework/Versions/A/ilink2 (0x103641640) and /Applications/WeChat.app/Contents/Frameworks/ilink_network.framework/Versions/A/ilink_network (0x103e7d330). One of the two will be used. Which one is undefined.
2024-08-08 09:24:50.155 WeChat[54527:5265498] [I] <MMKV.cpp:165::initialize> version v1.2.12, page size 16384, arch arm64-v8a
2024-08-08 09:24:50.155 WeChat[54541:5265499] [I] <MMKV.cpp:165::initialize> version v1.2.12, page size 16384, arch arm64-v8a
2024-08-08 09:24:50.171 WeChat[54527:5265498] [I] <AESCrypt.cpp:247::testAESCrypt> AES CFB decode: Hello, OpenSSL-mmkv::AESCrypt::testAESCrypt() with AES CFB 128.
2024-08-08 09:24:50.171 WeChat[54541:5265499] [I] <AESCrypt.cpp:247::testAESCrypt> AES CFB decode: Hello, OpenSSL-mmkv::AESCrypt::testAESCrypt() with AES CFB 128.
2024-08-08 09:24:50.172 WeChat[54527:5265498] [I] <KeyValueHolder.cpp:224::testAESToMMBuffer> testAESToMMBuffer: Hello, OpenSSL-mmkv::KeyValueHolderCrypt::testAESToMMBuffer() with AES CFB 128.
2024-08-08 09:24:50.172 WeChat[54541:5265499] [I] <KeyValueHolder.cpp:224::testAESToMMBuffer> testAESToMMBuffer: Hello, OpenSSL-mmkv::KeyValueHolderCrypt::testAESToMMBuffer() with AES CFB 128.
2024-08-08 09:24:50.172 WeChat[54527:5265498] [I] <KeyValueHolder.cpp:229::testAESToMMBuffer> MMBuffer::SmallBufferSize() = 24, KeyValueHolderCrypt::SmallBufferSize() = 27
2024-08-08 09:24:50.172 WeChat[54541:5265499] [I] <KeyValueHolder.cpp:229::testAESToMMBuffer> MMBuffer::SmallBufferSize() = 24, KeyValueHolderCrypt::SmallBufferSize() = 27
2024-08-08 09:24:50.172 WeChat[54527:5265498] [I] <MMKV_OSX.cpp:100::minimalInit> Apple Device:0, version:64
2024-08-08 09:24:50.172 WeChat[54541:5265499] [I] <MMKV_OSX.cpp:100::minimalInit> Apple Device:0, version:64
2024-08-08 09:24:50.172 WeChat[54541:5265499] [I] <MMKV_OSX.cpp:105::minimalInit> default root dir: /Users/wuzexian/Library/Containers/com.tencent.xinWeChat/Data/Documents/mmkv
2024-08-08 09:24:50.172 WeChat[54527:5265498] [I] <MMKV_OSX.cpp:105::minimalInit> default root dir: /Users/wuzexian/Library/Containers/com.tencent.xinWeChat/Data/Documents/mmkv
2024-08-08 09:24:50.172 WeChat[54527:5265498] [I] <MMKV.cpp:207::initializeMMKV> root dir: /Users/wuzexian/Library/Containers/com.tencent.xinWeChat/Data/Library/Application Support/com.tencent.xinWeChat/2.0b4.0.9/NewMMappedKV
2024-08-08 09:24:50.172 WeChat[54541:5265499] [I] <MMKV.cpp:207::initializeMMKV> root dir: /Users/wuzexian/Library/Containers/com.tencent.xinWeChat/Data/Library/Application Support/com.tencent.xinWeChat/2.0b4.0.9/NewMMappedKV
objc[54547]: Class IlinkMarsReachability is implemented in both /Applications/WeChat.app/Contents/Frameworks/ilink2.framework/Versions/A/ilink2 (0x103465528) and /Applications/WeChat.app/Contents/Frameworks/ilink_network.framework/Versions/A/ilink_network (0x103ca1218). One of the two will be used. Which one is undefined.
objc[54547]: Class __CThreadWarp is implemented in both /Applications/WeChat.app/Contents/Frameworks/ilink2.framework/Versions/A/ilink2 (0x103465578) and /Applications/WeChat.app/Contents/Frameworks/ilink_network.framework/Versions/A/ilink_network (0x103ca1268). One of the two will be used. Which one is undefined.
objc[54547]: Class __ThreadWarp is implemented in both /Applications/WeChat.app/Contents/Frameworks/ilink2.framework/Versions/A/ilink2 (0x1034655c8) and /Applications/WeChat.app/Contents/Frameworks/ilink_network.framework/Versions/A/ilink_network (0x103ca12b8). One of the two will be used. Which one is undefined.
objc[54547]: Class ThreadQueue is implemented in both /Applications/WeChat.app/Contents/Frameworks/ilink2.framework/Versions/A/ilink2 (0x103465640) and /Applications/WeChat.app/Contents/Frameworks/ilink_network.framework/Versions/A/ilink_network (0x103ca1330). One of the two will be used. Which one is undefined.
objc[54546]: Class IlinkMarsReachability is implemented in both /Applications/WeChat.app/Contents/Frameworks/ilink2.framework/Versions/A/ilink2 (0x102f81528) and /Applications/WeChat.app/Contents/Frameworks/ilink_network.framework/Versions/A/ilink_network (0x1037bd218). One of the two will be used. Which one is undefined.
objc[54546]: Class __CThreadWarp is implemented in both /Applications/WeChat.app/Contents/Frameworks/ilink2.framework/Versions/A/ilink2 (0x102f81578) and /Applications/WeChat.app/Contents/Frameworks/ilink_network.framework/Versions/A/ilink_network (0x1037bd268). One of the two will be used. Which one is undefined.
objc[54546]: Class __ThreadWarp is implemented in both /Applications/WeChat.app/Contents/Frameworks/ilink2.framework/Versions/A/ilink2 (0x102f815c8) and /Applications/WeChat.app/Contents/Frameworks/ilink_network.framework/Versions/A/ilink_network (0x1037bd2b8). One of the two will be used. Which one is undefined.
objc[54546]: Class ThreadQueue is implemented in both /Applications/WeChat.app/Contents/Frameworks/ilink2.framework/Versions/A/ilink2 (0x102f81640) and /Applications/WeChat.app/Contents/Frameworks/ilink_network.framework/Versions/A/ilink_network (0x1037bd330). One of the two will be used. Which one is undefined.
objc[54548]: Class IlinkMarsReachability is implemented in both /Applications/WeChat.app/Contents/Frameworks/ilink2.framework/Versions/A/ilink2 (0x103b85528) and /Applications/WeChat.app/Contents/Frameworks/ilink_network.framework/Versions/A/ilink_network (0x1043c1218). One of the two will be used. Which one is undefined.
objc[54548]: Class __CThreadWarp is implemented in both /Applications/WeChat.app/Contents/Frameworks/ilink2.framework/Versions/A/ilink2 (0x103b85578) and /Applications/WeChat.app/Contents/Frameworks/ilink_network.framework/Versions/A/ilink_network (0x1043c1268). One of the two will be used. Which one is undefined.
objc[54548]: Class __ThreadWarp is implemented in both /Applications/WeChat.app/Contents/Frameworks/ilink2.framework/Versions/A/ilink2 (0x103b855c8) and /Applications/WeChat.app/Contents/Frameworks/ilink_network.framework/Versions/A/ilink_network (0x1043c12b8). One of the two will be used. Which one is undefined.
objc[54548]: Class ThreadQueue is implemented in both /Applications/WeChat.app/Contents/Frameworks/ilink2.framework/Versions/A/ilink2 (0x103b85640) and /Applications/WeChat.app/Contents/Frameworks/ilink_network.framework/Versions/A/ilink_network (0x1043c1330). One of the two will be used. Which one is undefined.
objc[54549]: Class IlinkMarsReachability is implemented in both /Applications/WeChat.app/Contents/Frameworks/ilink2.framework/Versions/A/ilink2 (0x101ca1528) and /Applications/WeChat.app/Contents/Frameworks/ilink_network.framework/Versions/A/ilink_network (0x1024dd218). One of the two will be used. Which one is undefined.
objc[54549]: Class __CThreadWarp is implemented in both /Applications/WeChat.app/Contents/Frameworks/ilink2.framework/Versions/A/ilink2 (0x101ca1578) and /Applications/WeChat.app/Contents/Frameworks/ilink_network.framework/Versions/A/ilink_network (0x1024dd268). One of the two will be used. Which one is undefined.
objc[54549]: Class __ThreadWarp is implemented in both /Applications/WeChat.app/Contents/Frameworks/ilink2.framework/Versions/A/ilink2 (0x101ca15c8) and /Applications/WeChat.app/Contents/Frameworks/ilink_network.framework/Versions/A/ilink_network (0x1024dd2b8). One of the two will be used. Which one is undefined.
objc[54549]: Class ThreadQueue is implemented in both /Applications/WeChat.app/Contents/Frameworks/ilink2.framework/Versions/A/ilink2 (0x101ca1640) and /Applications/WeChat.app/Contents/Frameworks/ilink_network.framework/Versions/A/ilink_network (0x1024dd330). One of the two will be used. Which one is undefined.
objc[54549]: Class WebSwapCGLLayer is implemented in both /System/Library/Frameworks/WebKit.framework/Versions/A/Frameworks/WebCore.framework/Versions/A/Frameworks/libANGLE-shared.dylib (0x26ed96f90) and /Applications/WeChat.app/Contents/MacOS/WeChatAppEx.app/Contents/Frameworks/WeChatAppEx Framework.framework/Versions/C/Libraries/libGLESv2.dylib (0x10e2240d8). One of the two will be used. Which one is undefined.
objc[54548]: Class WebSwapCGLLayer is implemented in both /System/Library/Frameworks/WebKit.framework/Versions/A/Frameworks/WebCore.framework/Versions/A/Frameworks/libANGLE-shared.dylib (0x26ed96f90) and /Applications/WeChat.app/Contents/MacOS/WeChatAppEx.app/Contents/Frameworks/WeChatAppEx Framework.framework/Versions/C/Libraries/libGLESv2.dylib (0x1102240d8). One of the two will be used. Which one is undefined.
objc[65627]: Class IlinkMarsReachability is implemented in both /Applications/WeChat.app/Contents/Frameworks/ilink_network.framework/Versions/A/ilink_network (0x107b9d218) and /Applications/WeChat.app/Contents/Frameworks/ilink2.framework/Versions/A/ilink2 (0x1097b9528). One of the two will be used. Which one is undefined.
objc[65613]: Class IlinkMarsReachability is implemented in both /Applications/WeChat.app/Contents/Frameworks/ilink_network.framework/Versions/A/ilink_network (0x10c205218) and /Applications/WeChat.app/Contents/Frameworks/ilink2.framework/Versions/A/ilink2 (0x10de21528). One of the two will be used. Which one is undefined.
objc[65627]: Class __CThreadWarp is implemented in both /Applications/WeChat.app/Contents/Frameworks/ilink_network.framework/Versions/A/ilink_network (0x107b9d268) and /Applications/WeChat.app/Contents/Frameworks/ilink2.framework/Versions/A/ilink2 (0x1097b9578). One of the two will be used. Which one is undefined.
objc[65613]: Class __CThreadWarp is implemented in both /Applications/WeChat.app/Contents/Frameworks/ilink_network.framework/Versions/A/ilink_network (0x10c205268) and /Applications/WeChat.app/Contents/Frameworks/ilink2.framework/Versions/A/ilink2 (0x10de21578). One of the two will be used. Which one is undefined.
objc[65627]: Class __ThreadWarp is implemented in both /Applications/WeChat.app/Contents/Frameworks/ilink_network.framework/Versions/A/ilink_network (0x107b9d2b8) and /Applications/WeChat.app/Contents/Frameworks/ilink2.framework/Versions/A/ilink2 (0x1097b95c8). One of the two will be used. Which one is undefined.
objc[65613]: Class __ThreadWarp is implemented in both /Applications/WeChat.app/Contents/Frameworks/ilink_network.framework/Versions/A/ilink_network (0x10c2052b8) and /Applications/WeChat.app/Contents/Frameworks/ilink2.framework/Versions/A/ilink2 (0x10de215c8). One of the two will be used. Which one is undefined.
objc[65627]: Class ThreadQueue is implemented in both /Applications/WeChat.app/Contents/Frameworks/ilink_network.framework/Versions/A/ilink_network (0x107b9d330) and /Applications/WeChat.app/Contents/Frameworks/ilink2.framework/Versions/A/ilink2 (0x1097b9640). One of the two will be used. Which one is undefined.
objc[65613]: Class ThreadQueue is implemented in both /Applications/WeChat.app/Contents/Frameworks/ilink_network.framework/Versions/A/ilink_network (0x10c205330) and /Applications/WeChat.app/Contents/Frameworks/ilink2.framework/Versions/A/ilink2 (0x10de21640). One of the two will be used. Which one is undefined.
objc[65627]: Class MarsReachability is implemented in both /Applications/WeChat.app/Contents/Frameworks/matrixreport.framework/Versions/A/matrixreport (0x10a9e89a0) and /Applications/WeChat.app/Contents/MacOS/WeChat (0x10584c248). One of the two will be used. Which one is undefined.
objc[65613]: Class MarsReachability is implemented in both /Applications/WeChat.app/Contents/Frameworks/matrixreport.framework/Versions/A/matrixreport (0x10f0509a0) and /Applications/WeChat.app/Contents/MacOS/WeChat (0x109eb4248). One of the two will be used. Which one is undefined.
objc[65627]: Class __CThreadWarp is implemented in both /Applications/WeChat.app/Contents/Frameworks/ilink_network.framework/Versions/A/ilink_network (0x107b9d268) and /Applications/WeChat.app/Contents/MacOS/WeChat (0x10584c298). One of the two will be used. Which one is undefined.
objc[65613]: Class __CThreadWarp is implemented in both /Applications/WeChat.app/Contents/Frameworks/ilink_network.framework/Versions/A/ilink_network (0x10c205268) and /Applications/WeChat.app/Contents/MacOS/WeChat (0x109eb4298). One of the two will be used. Which one is undefined.
objc[65627]: Class __ThreadWarp is implemented in both /Applications/WeChat.app/Contents/Frameworks/ilink_network.framework/Versions/A/ilink_network (0x107b9d2b8) and /Applications/WeChat.app/Contents/MacOS/WeChat (0x10584c2e8). One of the two will be used. Which one is undefined.
objc[65613]: Class __ThreadWarp is implemented in both /Applications/WeChat.app/Contents/Frameworks/ilink_network.framework/Versions/A/ilink_network (0x10c2052b8) and /Applications/WeChat.app/Contents/MacOS/WeChat (0x109eb42e8). One of the two will be used. Which one is undefined.
objc[65627]: Class ThreadQueue is implemented in both /Applications/WeChat.app/Contents/Frameworks/ilink_network.framework/Versions/A/ilink_network (0x107b9d330) and /Applications/WeChat.app/Contents/MacOS/WeChat (0x10584c360). One of the two will be used. Which one is undefined.
objc[65613]: Class ThreadQueue is implemented in both /Applications/WeChat.app/Contents/Frameworks/ilink_network.framework/Versions/A/ilink_network (0x10c205330) and /Applications/WeChat.app/Contents/MacOS/WeChat (0x109eb4360). One of the two will be used. Which one is undefined.
objc[65627]: Class TimerRuner is implemented in both /Applications/WeChat.app/Contents/Frameworks/ilink_network.framework/Versions/A/ilink_network (0x107b9d380) and /Applications/WeChat.app/Contents/MacOS/WeChat (0x10584c3b0). One of the two will be used. Which one is undefined.
objc[65613]: Class TimerRuner is implemented in both /Applications/WeChat.app/Contents/Frameworks/ilink_network.framework/Versions/A/ilink_network (0x10c205380) and /Applications/WeChat.app/Contents/MacOS/WeChat (0x109eb43b0). One of the two will be used. Which one is undefined.
2024-08-08 09:47:15.259 WeChat[65627:5322601] WARNING: Secure coding is not enabled for restorable state! Enable secure coding by implementing NSApplicationDelegate.applicationSupportsSecureRestorableState: and returning YES.
2024-08-08 09:47:15.259 WeChat[65613:5322602] WARNING: Secure coding is not enabled for restorable state! Enable secure coding by implementing NSApplicationDelegate.applicationSupportsSecureRestorableState: and returning YES.
objc[65628]: Class IlinkMarsReachability is implemented in both /Applications/WeChat.app/Contents/Frameworks/ilink2.framework/Versions/A/ilink2 (0x1013c5528) and /Applications/WeChat.app/Contents/Frameworks/ilink_network.framework/Versions/A/ilink_network (0x101c01218). One of the two will be used. Which one is undefined.
objc[65629]: Class IlinkMarsReachability is implemented in both /Applications/WeChat.app/Contents/Frameworks/ilink2.framework/Versions/A/ilink2 (0x101449528) and /Applications/WeChat.app/Contents/Frameworks/ilink_network.framework/Versions/A/ilink_network (0x101c85218). One of the two will be used. Which one is undefined.
objc[65628]: Class __CThreadWarp is implemented in both /Applications/WeChat.app/Contents/Frameworks/ilink2.framework/Versions/A/ilink2 (0x1013c5578) and /Applications/WeChat.app/Contents/Frameworks/ilink_network.framework/Versions/A/ilink_network (0x101c01268). One of the two will be used. Which one is undefined.
objc[65629]: Class __CThreadWarp is implemented in both /Applications/WeChat.app/Contents/Frameworks/ilink2.framework/Versions/A/ilink2 (0x101449578) and /Applications/WeChat.app/Contents/Frameworks/ilink_network.framework/Versions/A/ilink_network (0x101c85268). One of the two will be used. Which one is undefined.
objc[65628]: Class __ThreadWarp is implemented in both /Applications/WeChat.app/Contents/Frameworks/ilink2.framework/Versions/A/ilink2 (0x1013c55c8) and /Applications/WeChat.app/Contents/Frameworks/ilink_network.framework/Versions/A/ilink_network (0x101c012b8). One of the two will be used. Which one is undefined.
objc[65629]: Class __ThreadWarp is implemented in both /Applications/WeChat.app/Contents/Frameworks/ilink2.framework/Versions/A/ilink2 (0x1014495c8) and /Applications/WeChat.app/Contents/Frameworks/ilink_network.framework/Versions/A/ilink_network (0x101c852b8). One of the two will be used. Which one is undefined.
objc[65628]: Class ThreadQueue is implemented in both /Applications/WeChat.app/Contents/Frameworks/ilink2.framework/Versions/A/ilink2 (0x1013c5640) and /Applications/WeChat.app/Contents/Frameworks/ilink_network.framework/Versions/A/ilink_network (0x101c01330). One of the two will be used. Which one is undefined.
objc[65629]: Class ThreadQueue is implemented in both /Applications/WeChat.app/Contents/Frameworks/ilink2.framework/Versions/A/ilink2 (0x101449640) and /Applications/WeChat.app/Contents/Frameworks/ilink_network.framework/Versions/A/ilink_network (0x101c85330). One of the two will be used. Which one is undefined.
2024-08-08 09:47:15.390 WeChat[65627:5322601] [I] <MMKV.cpp:165::initialize> version v1.2.12, page size 16384, arch arm64-v8a
2024-08-08 09:47:15.390 WeChat[65613:5322602] [I] <MMKV.cpp:165::initialize> version v1.2.12, page size 16384, arch arm64-v8a
2024-08-08 09:47:15.391 WeChat[65613:5322602] [I] <AESCrypt.cpp:247::testAESCrypt> AES CFB decode: Hello, OpenSSL-mmkv::AESCrypt::testAESCrypt() with AES CFB 128.
2024-08-08 09:47:15.391 WeChat[65627:5322601] [I] <AESCrypt.cpp:247::testAESCrypt> AES CFB decode: Hello, OpenSSL-mmkv::AESCrypt::testAESCrypt() with AES CFB 128.
2024-08-08 09:47:15.391 WeChat[65613:5322602] [I] <KeyValueHolder.cpp:224::testAESToMMBuffer> testAESToMMBuffer: Hello, OpenSSL-mmkv::KeyValueHolderCrypt::testAESToMMBuffer() with AES CFB 128.
2024-08-08 09:47:15.391 WeChat[65613:5322602] [I] <KeyValueHolder.cpp:229::testAESToMMBuffer> MMBuffer::SmallBufferSize() = 24, KeyValueHolderCrypt::SmallBufferSize() = 27
2024-08-08 09:47:15.391 WeChat[65627:5322601] [I] <KeyValueHolder.cpp:224::testAESToMMBuffer> testAESToMMBuffer: Hello, OpenSSL-mmkv::KeyValueHolderCrypt::testAESToMMBuffer() with AES CFB 128.
2024-08-08 09:47:15.391 WeChat[65627:5322601] [I] <KeyValueHolder.cpp:229::testAESToMMBuffer> MMBuffer::SmallBufferSize() = 24, KeyValueHolderCrypt::SmallBufferSize() = 27
2024-08-08 09:47:15.391 WeChat[65613:5322602] [I] <MMKV_OSX.cpp:100::minimalInit> Apple Device:0, version:64
2024-08-08 09:47:15.391 WeChat[65627:5322601] [I] <MMKV_OSX.cpp:100::minimalInit> Apple Device:0, version:64
2024-08-08 09:47:15.391 WeChat[65613:5322602] [I] <MMKV_OSX.cpp:105::minimalInit> default root dir: /Users/wuzexian/Library/Containers/com.tencent.xinWeChat/Data/Documents/mmkv
2024-08-08 09:47:15.391 WeChat[65627:5322601] [I] <MMKV_OSX.cpp:105::minimalInit> default root dir: /Users/wuzexian/Library/Containers/com.tencent.xinWeChat/Data/Documents/mmkv
2024-08-08 09:47:15.391 WeChat[65613:5322602] [I] <MMKV.cpp:207::initializeMMKV> root dir: /Users/wuzexian/Library/Containers/com.tencent.xinWeChat/Data/Library/Application Support/com.tencent.xinWeChat/2.0b4.0.9/NewMMappedKV
2024-08-08 09:47:15.391 WeChat[65627:5322601] [I] <MMKV.cpp:207::initializeMMKV> root dir: /Users/wuzexian/Library/Containers/com.tencent.xinWeChat/Data/Library/Application Support/com.tencent.xinWeChat/2.0b4.0.9/NewMMappedKV
objc[65644]: Class IlinkMarsReachability is implemented in both /Applications/WeChat.app/Contents/Frameworks/ilink2.framework/Versions/A/ilink2 (0x103311528) and /Applications/WeChat.app/Contents/Frameworks/ilink_network.framework/Versions/A/ilink_network (0x103b4d218). One of the two will be used. Which one is undefined.
objc[65645]: Class IlinkMarsReachability is implemented in both /Applications/WeChat.app/Contents/Frameworks/ilink2.framework/Versions/A/ilink2 (0x1034ed528) and /Applications/WeChat.app/Contents/Frameworks/ilink_network.framework/Versions/A/ilink_network (0x103d29218). One of the two will be used. Which one is undefined.
objc[65644]: Class __CThreadWarp is implemented in both /Applications/WeChat.app/Contents/Frameworks/ilink2.framework/Versions/A/ilink2 (0x103311578) and /Applications/WeChat.app/Contents/Frameworks/ilink_network.framework/Versions/A/ilink_network (0x103b4d268). One of the two will be used. Which one is undefined.
objc[65645]: Class __CThreadWarp is implemented in both /Applications/WeChat.app/Contents/Frameworks/ilink2.framework/Versions/A/ilink2 (0x1034ed578) and /Applications/WeChat.app/Contents/Frameworks/ilink_network.framework/Versions/A/ilink_network (0x103d29268). One of the two will be used. Which one is undefined.
objc[65645]: Class __ThreadWarp is implemented in both /Applications/WeChat.app/Contents/Frameworks/ilink2.framework/Versions/A/ilink2 (0x1034ed5c8) and /Applications/WeChat.app/Contents/Frameworks/ilink_network.framework/Versions/A/ilink_network (0x103d292b8). One of the two will be used. Which one is undefined.
objc[65644]: Class __ThreadWarp is implemented in both /Applications/WeChat.app/Contents/Frameworks/ilink2.framework/Versions/A/ilink2 (0x1033115c8) and /Applications/WeChat.app/Contents/Frameworks/ilink_network.framework/Versions/A/ilink_network (0x103b4d2b8). One of the two will be used. Which one is undefined.
objc[65644]: Class ThreadQueue is implemented in both /Applications/WeChat.app/Contents/Frameworks/ilink2.framework/Versions/A/ilink2 (0x103311640) and /Applications/WeChat.app/Contents/Frameworks/ilink_network.framework/Versions/A/ilink_network (0x103b4d330). One of the two will be used. Which one is undefined.
objc[65645]: Class ThreadQueue is implemented in both /Applications/WeChat.app/Contents/Frameworks/ilink2.framework/Versions/A/ilink2 (0x1034ed640) and /Applications/WeChat.app/Contents/Frameworks/ilink_network.framework/Versions/A/ilink_network (0x103d29330). One of the two will be used. Which one is undefined.
objc[65647]: Class IlinkMarsReachability is implemented in both /Applications/WeChat.app/Contents/Frameworks/ilink2.framework/Versions/A/ilink2 (0x101ae9528) and /Applications/WeChat.app/Contents/Frameworks/ilink_network.framework/Versions/A/ilink_network (0x102325218). One of the two will be used. Which one is undefined.
objc[65646]: Class IlinkMarsReachability is implemented in both /Applications/WeChat.app/Contents/Frameworks/ilink2.framework/Versions/A/ilink2 (0x1059f5528) and /Applications/WeChat.app/Contents/Frameworks/ilink_network.framework/Versions/A/ilink_network (0x106231218). One of the two will be used. Which one is undefined.
objc[65647]: Class __CThreadWarp is implemented in both /Applications/WeChat.app/Contents/Frameworks/ilink2.framework/Versions/A/ilink2 (0x101ae9578) and /Applications/WeChat.app/Contents/Frameworks/ilink_network.framework/Versions/A/ilink_network (0x102325268). One of the two will be used. Which one is undefined.
objc[65646]: Class __CThreadWarp is implemented in both /Applications/WeChat.app/Contents/Frameworks/ilink2.framework/Versions/A/ilink2 (0x1059f5578) and /Applications/WeChat.app/Contents/Frameworks/ilink_network.framework/Versions/A/ilink_network (0x106231268). One of the two will be used. Which one is undefined.
objc[65647]: Class __ThreadWarp is implemented in both /Applications/WeChat.app/Contents/Frameworks/ilink2.framework/Versions/A/ilink2 (0x101ae95c8) and /Applications/WeChat.app/Contents/Frameworks/ilink_network.framework/Versions/A/ilink_network (0x1023252b8). One of the two will be used. Which one is undefined.
objc[65646]: Class __ThreadWarp is implemented in both /Applications/WeChat.app/Contents/Frameworks/ilink2.framework/Versions/A/ilink2 (0x1059f55c8) and /Applications/WeChat.app/Contents/Frameworks/ilink_network.framework/Versions/A/ilink_network (0x1062312b8). One of the two will be used. Which one is undefined.
objc[65647]: Class ThreadQueue is implemented in both /Applications/WeChat.app/Contents/Frameworks/ilink2.framework/Versions/A/ilink2 (0x101ae9640) and /Applications/WeChat.app/Contents/Frameworks/ilink_network.framework/Versions/A/ilink_network (0x102325330). One of the two will be used. Which one is undefined.
objc[65646]: Class ThreadQueue is implemented in both /Applications/WeChat.app/Contents/Frameworks/ilink2.framework/Versions/A/ilink2 (0x1059f5640) and /Applications/WeChat.app/Contents/Frameworks/ilink_network.framework/Versions/A/ilink_network (0x106231330). One of the two will be used. Which one is undefined.
objc[65646]: Class WebSwapCGLLayer is implemented in both /System/Library/Frameworks/WebKit.framework/Versions/A/Frameworks/WebCore.framework/Versions/A/Frameworks/libANGLE-shared.dylib (0x26ed96f90) and /Applications/WeChat.app/Contents/MacOS/WeChatAppEx.app/Contents/Frameworks/WeChatAppEx Framework.framework/Versions/C/Libraries/libGLESv2.dylib (0x11222c0d8). One of the two will be used. Which one is undefined.
objc[65647]: Class WebSwapCGLLayer is implemented in both /System/Library/Frameworks/WebKit.framework/Versions/A/Frameworks/WebCore.framework/Versions/A/Frameworks/libANGLE-shared.dylib (0x26ed96f90) and /Applications/WeChat.app/Contents/MacOS/WeChatAppEx.app/Contents/Frameworks/WeChatAppEx Framework.framework/Versions/C/Libraries/libGLESv2.dylib (0x10e22c0d8). One of the two will be used. Which one is undefined.
